  [1m[36m (178.0ms)[0m  [1mCREATE TABLE "schema_migrations" ("version" varchar(255) NOT NULL) [0m
  [1m[35m (125.0ms)[0m  CREATE UNIQUE INDEX "unique_schema_migrations" ON "schema_migrations" ("version")
  [1m[36mActiveRecord::SchemaMigration Load (0.2ms)[0m  [1mSELECT "schema_migrations".* FROM "schema_migrations"[0m


Started GET "/" for 127.0.0.1 at 2014-03-13 00:29:34 +0530
Processing by Rails::WelcomeController#index as HTML
  Rendered /home/webwerks/.rvm/gems/ruby-2.1.0@jain-sanghatna/gems/railties-4.0.2/lib/rails/templates/rails/welcome/index.html.erb (2.4ms)
Completed 200 OK in 35ms (Views: 12.1ms | ActiveRecord: 0.0ms)


Started GET "/users" for 127.0.0.1 at 2014-03-13 00:29:40 +0530

ActionController::RoutingError (No route matches [GET] "/users"):
  actionpack (4.0.2) lib/action_dispatch/middleware/debug_exceptions.rb:21:in `call'
  actionpack (4.0.2) lib/action_dispatch/middleware/show_exceptions.rb:30:in `call'
  railties (4.0.2) lib/rails/rack/logger.rb:38:in `call_app'
  railties (4.0.2) lib/rails/rack/logger.rb:20:in `block in call'
  activesupport (4.0.2) lib/active_support/tagged_logging.rb:67:in `block in tagged'
  activesupport (4.0.2) lib/active_support/tagged_logging.rb:25:in `tagged'
  activesupport (4.0.2) lib/active_support/tagged_logging.rb:67:in `tagged'
  railties (4.0.2) lib/rails/rack/logger.rb:20:in `call'
  quiet_assets (1.0.2) lib/quiet_assets.rb:18:in `call_with_quiet_assets'
  actionpack (4.0.2) lib/action_dispatch/middleware/request_id.rb:21:in `call'
  rack (1.5.2) lib/rack/methodoverride.rb:21:in `call'
  rack (1.5.2) lib/rack/runtime.rb:17:in `call'
  activesupport (4.0.2) lib/active_support/cache/strategy/local_cache.rb:83:in `call'
  rack (1.5.2) lib/rack/lock.rb:17:in `call'
  actionpack (4.0.2) lib/action_dispatch/middleware/static.rb:64:in `call'
  rack (1.5.2) lib/rack/sendfile.rb:112:in `call'
  railties (4.0.2) lib/rails/engine.rb:511:in `call'
  railties (4.0.2) lib/rails/application.rb:97:in `call'
  rack (1.5.2) lib/rack/content_length.rb:14:in `call'
  unicorn (4.8.2) lib/unicorn/http_server.rb:572:in `process_client'
  unicorn (4.8.2) lib/unicorn/http_server.rb:666:in `worker_loop'
  unicorn (4.8.2) lib/unicorn/http_server.rb:521:in `spawn_missing_workers'
  unicorn (4.8.2) lib/unicorn/http_server.rb:140:in `start'
  unicorn-rails (1.1.0) lib/unicorn/rails.rb:24:in `run'
  rack (1.5.2) lib/rack/server.rb:264:in `start'
  railties (4.0.2) lib/rails/commands/server.rb:84:in `start'
  railties (4.0.2) lib/rails/commands.rb:76:in `block in <top (required)>'
  railties (4.0.2) lib/rails/commands.rb:71:in `tap'
  railties (4.0.2) lib/rails/commands.rb:71:in `<top (required)>'
  bin/rails:4:in `require'
  bin/rails:4:in `<main>'


  Rendered /home/webwerks/.rvm/gems/ruby-2.1.0@jain-sanghatna/gems/actionpack-4.0.2/lib/action_dispatch/middleware/templates/rescues/_trace.erb (1.3ms)
  Rendered /home/webwerks/.rvm/gems/ruby-2.1.0@jain-sanghatna/gems/actionpack-4.0.2/lib/action_dispatch/middleware/templates/routes/_table.html.erb (3.4ms)
  Rendered /home/webwerks/.rvm/gems/ruby-2.1.0@jain-sanghatna/gems/actionpack-4.0.2/lib/action_dispatch/middleware/templates/rescues/routing_error.erb within rescues/layout (18.5ms)
